#
# There is insufficient memory for the Java Runtime Environment to continue.
# Native memory allocation (mmap) failed to map 134217728 bytes for G1 virtual space
# Possible reasons:
#   The system is out of physical RAM or swap space
#   The process is running with CompressedOops enabled, and the Java Heap may be blocking the growth of the native heap
# Possible solutions:
#   Reduce memory load on the system
#   Increase physical memory or swap space
#   Check if swap backing store is full
#   Decrease Java heap size (-Xmx/-Xms)
#   Decrease number of Java threads
#   Decrease Java thread stack sizes (-Xss)
#   Set larger code cache with -XX:ReservedCodeCacheSize=
#   JVM is running with Unscaled Compressed Oops mode in which the Java heap is
#     placed in the first 4GB address space. The Java Heap base address is the
#     maximum limit for the native heap growth. Please use -XX:HeapBaseMinAddress
#     to set the Java Heap base and to place the Java Heap above 4GB virtual address.
# This output file may be truncated or incomplete.
#
#  Out of Memory Error (os_windows.cpp:3541), pid=21976, tid=19036
#
# JRE version:  (17.0.4.1+1) (build )
# Java VM: OpenJDK 64-Bit Server VM (17.0.4.1+1, mixed mode, sharing, tiered, compressed oops, compressed class ptrs, g1 gc, windows-amd64)
# No core dump will be written. Minidumps are not enabled by default on client versions of Windows
#

---------------  S U M M A R Y ------------

Command Line: -Dfile.encoding=UTF-8 --module-path=C:\Users\khadija\eclipse-workspace\oopProject\bin -XX:+ShowCodeDetailsInExceptionMessages -Djdk.module.main=oopProject oopProject/oopProject.Main

Host: Intel(R) Core(TM) i5-6300U CPU @ 2.40GHz, 4 cores, 7G,  Windows 10 , 64 bit Build 19041 (10.0.19041.2364)
Time: Sun Dec 25 18:58:20 2022 Pakistan Standard Time elapsed time: 0.018236 seconds (0d 0h 0m 0s)

---------------  T H R E A D  ---------------

Current thread (0x00000212ba42c3f0):  JavaThread "Unknown thread" [_thread_in_vm, id=19036, stack(0x0000001a1b000000,0x0000001a1b100000)]

Stack: [0x0000001a1b000000,0x0000001a1b100000]
Native frames: (J=compiled Java code, j=interpreted, Vv=VM code, C=native code)
V  [jvm.dll+0x67731a]
V  [jvm.dll+0x832284]
V  [jvm.dll+0x833a2e]
V  [jvm.dll+0x834093]
V  [jvm.dll+0x245775]
V  [jvm.dll+0x674209]
V  [jvm.dll+0x668a92]
V  [jvm.dll+0x30471b]
V  [jvm.dll+0x30bc66]
V  [jvm.dll+0x35ba9e]
V  [jvm.dll+0x35bccf]
V  [jvm.dll+0x2db5b8]
V  [jvm.dll+0x2dc524]
V  [jvm.dll+0x803db1]
V  [jvm.dll+0x3698f1]
V  [jvm.dll+0x7e31bc]
V  [jvm.dll+0x3ec25f]
V  [jvm.dll+0x3edde1]
C  [jli.dll+0x5277]
C  [ucrtbase.dll+0x21bb2]
C  [KERNEL32.DLL+0x17614]
C  [ntdll.dll+0x526a1]


---------------  P R O C E S S  ---------------

Threads class SMR info:
_java_thread_list=0x00007ffc71c04e98, length=0, elements={
}

Java Threads: ( => current thread )

Other Threads:
  0x00000212ba486300 GCTaskThread "GC Thread#0" [stack: 0x0000001a1b100000,0x0000001a1b200000] [id=20824]
  0x00000212ba498670 ConcurrentGCThread "G1 Main Marker" [stack: 0x0000001a1b200000,0x0000001a1b300000] [id=10624]
  0x00000212ba499080 ConcurrentGCThread "G1 Conc#0" [stack: 0x0000001a1b300000,0x0000001a1b400000] [id=22500]

[error occurred during error reporting (printing all threads), id 0xc0000005, EXCEPTION_ACCESS_VIOLATION (0xc0000005) at pc=0x00007ffc713dc047]

VM state: not at safepoint (not fully initialized)

VM Mutex/Monitor currently owned by a thread:  ([mutex/lock_event])
[0x00000212ba427e10] Heap_lock - owner thread: 0x00000212ba42c3f0

Heap address: 0x0000000081c00000, size: 2020 MB, Compressed Oops mode: 32-bit

CDS archive(s) mapped at: [0x0000000000000000-0x0000000000000000-0x0000000000000000), size 0, SharedBaseAddress: 0x0000000800000000, ArchiveRelocationMode: 0.
Narrow klass base: 0x0000000000000000, Narrow klass shift: 0, Narrow klass range: 0x0

GC Precious Log:
<Empty>

Heap:
 garbage-first heap   total 0K, used 0K [0x0000000081c00000, 0x0000000100000000)
  region size 1024K, 0 young (0K), 0 survivors (0K)

[error occurred during error reporting (printing heap information), id 0xc0000005, EXCEPTION_ACCESS_VIOLATION (0xc0000005) at pc=0x00007ffc717c0699]

GC Heap History (0 events):
No events

Deoptimization events (0 events):
No events

Classes unloaded (0 events):
No events

Classes redefined (0 events):
No events

Internal exceptions (0 events):
No events

VM Operations (0 events):
No events

Events (1 events):
Event: 0.009 Loaded shared library C:\Users\khadija\.p2\pool\plugins\org.eclipse.justj.openjdk.hotspot.jre.full.win32.x86_64_17.0.4.v20221004-1257\jre\bin\java.dll


Dynamic libraries:
0x00007ff736de0000 - 0x00007ff736dee000 	C:\Users\khadija\.p2\pool\plugins\org.eclipse.justj.openjdk.hotspot.jre.full.win32.x86_64_17.0.4.v20221004-1257\jre\bin\javaw.exe
0x00007ffca6b30000 - 0x00007ffca6d28000 	C:\Windows\SYSTEM32\ntdll.dll
0x00007ffca4ec0000 - 0x00007ffca4f7f000 	C:\Windows\System32\KERNEL32.DLL
0x00007ffca45d0000 - 0x00007ffca48a2000 	C:\Windows\System32\KERNELBASE.dll
0x00007ffca43f0000 - 0x00007ffca44f0000 	C:\Windows\System32\ucrtbase.dll
0x00007ffc7f410000 - 0x00007ffc7f428000 	C:\Users\khadija\.p2\pool\plugins\org.eclipse.justj.openjdk.hotspot.jre.full.win32.x86_64_17.0.4.v20221004-1257\jre\bin\jli.dll
0x00007ffc9d100000 - 0x00007ffc9d119000 	C:\Users\khadija\.p2\pool\plugins\org.eclipse.justj.openjdk.hotspot.jre.full.win32.x86_64_17.0.4.v20221004-1257\jre\bin\VCRUNTIME140.dll
0x00007ffca6020000 - 0x00007ffca61c1000 	C:\Windows\System32\USER32.dll
0x00007ffca4220000 - 0x00007ffca4242000 	C:\Windows\System32\win32u.dll
0x00007ffca4b70000 - 0x00007ffca4b9b000 	C:\Windows\System32\GDI32.dll
0x00007ffca42e0000 - 0x00007ffca43ef000 	C:\Windows\System32\gdi32full.dll
0x00007ffc90d90000 - 0x00007ffc9102a000 	C:\Windows\WinSxS\amd64_microsoft.windows.common-controls_6595b64144ccf1df_6.0.19041.1110_none_60b5254171f9507e\COMCTL32.dll
0x00007ffca4ad0000 - 0x00007ffca4b6d000 	C:\Windows\System32\msvcp_win.dll
0x00007ffca4da0000 - 0x00007ffca4e3e000 	C:\Windows\System32\msvcrt.dll
0x00007ffca5fe0000 - 0x00007ffca6012000 	C:\Windows\System32\IMM32.DLL
0x00007ffc91240000 - 0x00007ffc9124c000 	C:\Users\khadija\.p2\pool\plugins\org.eclipse.justj.openjdk.hotspot.jre.full.win32.x86_64_17.0.4.v20221004-1257\jre\bin\vcruntime140_1.dll
0x00007ffc7f200000 - 0x00007ffc7f291000 	C:\Users\khadija\.p2\pool\plugins\org.eclipse.justj.openjdk.hotspot.jre.full.win32.x86_64_17.0.4.v20221004-1257\jre\bin\msvcp140.dll
0x00007ffc710f0000 - 0x00007ffc71d36000 	C:\Users\khadija\.p2\pool\plugins\org.eclipse.justj.openjdk.hotspot.jre.full.win32.x86_64_17.0.4.v20221004-1257\jre\bin\server\jvm.dll
0x00007ffca62f0000 - 0x00007ffca639e000 	C:\Windows\System32\ADVAPI32.dll
0x00007ffca51d0000 - 0x00007ffca526c000 	C:\Windows\System32\sechost.dll
0x00007ffca5ea0000 - 0x00007ffca5fc5000 	C:\Windows\System32\RPCRT4.dll
0x00007ffca51c0000 - 0x00007ffca51c8000 	C:\Windows\System32\PSAPI.DLL
0x00007ffc8eda0000 - 0x00007ffc8eda9000 	C:\Windows\SYSTEM32\WSOCK32.dll
0x00007ffca5e30000 - 0x00007ffca5e9b000 	C:\Windows\System32\WS2_32.dll
0x00007ffc90b40000 - 0x00007ffc90b67000 	C:\Windows\SYSTEM32\WINMM.dll
0x00007ffc98620000 - 0x00007ffc9862a000 	C:\Windows\SYSTEM32\VERSION.dll
0x00007ffca2a70000 - 0x00007ffca2a82000 	C:\Windows\SYSTEM32\kernel.appcore.dll
0x00007ffc91230000 - 0x00007ffc9123a000 	C:\Users\khadija\.p2\pool\plugins\org.eclipse.justj.openjdk.hotspot.jre.full.win32.x86_64_17.0.4.v20221004-1257\jre\bin\jimage.dll
0x00007ffca1fd0000 - 0x00007ffca21b4000 	C:\Windows\SYSTEM32\DBGHELP.DLL
0x00007ffc8aed0000 - 0x00007ffc8af05000 	C:\Windows\SYSTEM32\dbgcore.DLL
0x00007ffca4250000 - 0x00007ffca42d2000 	C:\Windows\System32\bcryptPrimitives.dll
0x00007ffc88950000 - 0x00007ffc88975000 	C:\Users\khadija\.p2\pool\plugins\org.eclipse.justj.openjdk.hotspot.jre.full.win32.x86_64_17.0.4.v20221004-1257\jre\bin\java.dll

dbghelp: loaded successfully - version: 4.0.5 - missing functions: none
symbol engine: initialized successfully - sym options: 0x614 - pdb path: .;C:\Users\khadija\.p2\pool\plugins\org.eclipse.justj.openjdk.hotspot.jre.full.win32.x86_64_17.0.4.v20221004-1257\jre\bin;C:\Windows\SYSTEM32;C:\Windows\WinSxS\amd64_microsoft.windows.common-controls_6595b64144ccf1df_6.0.19041.1110_none_60b5254171f9507e;C:\Users\khadija\.p2\pool\plugins\org.eclipse.justj.openjdk.hotspot.jre.full.win32.x86_64_17.0.4.v20221004-1257\jre\bin\server

VM Arguments:
jvm_args: -Dfile.encoding=UTF-8 --module-path=C:\Users\khadija\eclipse-workspace\oopProject\bin -XX:+ShowCodeDetailsInExceptionMessages -Djdk.module.main=oopProject 
java_command: oopProject/oopProject.Main
java_class_path (initial): <not set>
Launcher Type: SUN_STANDARD

[Global flags]
     intx CICompilerCount                          = 3                                         {product} {ergonomic}
     uint ConcGCThreads                            = 1                                         {product} {ergonomic}
     uint G1ConcRefinementThreads                  = 4                                         {product} {ergonomic}
   size_t G1HeapRegionSize                         = 1048576                                   {product} {ergonomic}
    uintx GCDrainStackTargetSize                   = 64                                        {product} {ergonomic}
   size_t InitialHeapSize                          = 134217728                                 {product} {ergonomic}
   size_t MarkStackSize                            = 4194304                                   {product} {ergonomic}
   size_t MaxHeapSize                              = 2118123520                                {product} {ergonomic}
   size_t MinHeapDeltaBytes                        = 1048576                                   {product} {ergonomic}
   size_t MinHeapSize                              = 8388608                                   {product} {ergonomic}
    uintx NonNMethodCodeHeapSize                   = 5832780                                {pd product} {ergonomic}
    uintx NonProfiledCodeHeapSize                  = 122912730                              {pd product} {ergonomic}
    uintx ProfiledCodeHeapSize                     = 122912730                              {pd product} {ergonomic}
    uintx ReservedCodeCacheSize                    = 251658240                              {pd product} {ergonomic}
     bool SegmentedCodeCache                       = true                                      {product} {ergonomic}
     bool ShowCodeDetailsInExceptionMessages       = true                                   {manageable} {command line}
   size_t SoftMaxHeapSize                          = 2118123520                             {manageable} {ergonomic}
     bool UseCompressedClassPointers               = true                           {product lp64_product} {ergonomic}
     bool UseCompressedOops                        = true                           {product lp64_product} {ergonomic}
     bool UseG1GC                                  = true                                      {product} {ergonomic}
     bool UseLargePagesIndividualAllocation        = false                                  {pd product} {ergonomic}

Logging:
Log output configuration:
 #0: stdout all=warning uptime,level,tags
 #1: stderr all=off uptime,level,tags

Environment Variables:
JAVA_HOME=C:\Program Files\Java\jdk-17.0.5
PATH=C:/Users/khadija/.p2/pool/plugins/org.eclipse.justj.openjdk.hotspot.jre.full.win32.x86_64_17.0.4.v20221004-1257/jre/bin/server;C:/Users/khadija/.p2/pool/plugins/org.eclipse.justj.openjdk.hotspot.jre.full.win32.x86_64_17.0.4.v20221004-1257/jre/bin;C:\Program Files\Common Files\Oracle\Java\javapath;C:\Windows\system32;C:\Windows;C:\Windows\System32\Wbem;C:\Windows\System32\WindowsPowerShell\v1.0\;C:\Windows\System32\OpenSSH\;C:\Program Files\Git\cmd;C:\Program Files\Microsoft VS Code\bin;C:\Program Files\nodejs\;C:\Users\khadija\AppData\Local\Microsoft\WindowsApps;C:\src\flutter\bin;C:\Users\khadija\AppData\Local\GitHubDesktop\bin;C:\Program Files\Java\jdk-17.0.5\bin;C:\Users\khadija\AppData\Roaming\npm;C:\Windows\system32;
USERNAME=khadija
OS=Windows_NT
PROCESSOR_IDENTIFIER=Intel64 Family 6 Model 78 Stepping 3, GenuineIntel
TMP=C:\Users\khadija\AppData\Local\Temp
TEMP=C:\Users\khadija\AppData\Local\Temp



---------------  S Y S T E M  ---------------

OS:
 Windows 10 , 64 bit Build 19041 (10.0.19041.2364)
OS uptime: 0 days 2:23 hours

CPU: total 4 (initial active 4) (2 cores per cpu, 2 threads per core) family 6 model 78 stepping 3 microcode 0xcc, cx8, cmov, fxsr, ht, mmx, 3dnowpref, sse, sse2, sse3, ssse3, sse4.1, sse4.2, popcnt, lzcnt, tsc, tscinvbit, avx, avx2, aes, erms, clmul, bmi1, bmi2, rtm, adx, fma, vzeroupper, clflush, clflushopt

Memory: 4k page, system-wide physical 8076M (2243M free)
TotalPageFile size 26475M (AvailPageFile size 60M)
current process WorkingSet (physical memory assigned to process): 10M, peak: 10M
current process commit charge ("private bytes"): 51M, peak: 179M

vm_info: OpenJDK 64-Bit Server VM (17.0.4.1+1) for windows-amd64 JRE (17.0.4.1+1), built on Aug 17 2022 07:42:43 by "temurin" with MS VC++ 16.7 (VS2019)

END.
