#
# There is insufficient memory for the Java Runtime Environment to continue.
# Native memory allocation (malloc) failed to allocate 189568 bytes for Chunk::new
# Possible reasons:
#   The system is out of physical RAM or swap space
#   The process is running with CompressedOops enabled, and the Java Heap may be blocking the growth of the native heap
# Possible solutions:
#   Reduce memory load on the system
#   Increase physical memory or swap space
#   Check if swap backing store is full
#   Decrease Java heap size (-Xmx/-Xms)
#   Decrease number of Java threads
#   Decrease Java thread stack sizes (-Xss)
#   Set larger code cache with -XX:ReservedCodeCacheSize=
#   JVM is running with Unscaled Compressed Oops mode in which the Java heap is
#     placed in the first 4GB address space. The Java Heap base address is the
#     maximum limit for the native heap growth. Please use -XX:HeapBaseMinAddress
#     to set the Java Heap base and to place the Java Heap above 4GB virtual address.
# This output file may be truncated or incomplete.
#
#  Out of Memory Error (arena.cpp:189), pid=6176, tid=13024
#
# JRE version: OpenJDK Runtime Environment Temurin-17.0.4.1+1 (17.0.4.1+1) (build 17.0.4.1+1)
# Java VM: OpenJDK 64-Bit Server VM Temurin-17.0.4.1+1 (17.0.4.1+1, mixed mode, tiered, compressed oops, compressed class ptrs, g1 gc, windows-amd64)
# No core dump will be written. Minidumps are not enabled by default on client versions of Windows
#

---------------  S U M M A R Y ------------

Command Line: -Dfile.encoding=UTF-8 --module-path=C:\Users\khadija\eclipse-workspace\oopProject\bin -XX:+ShowCodeDetailsInExceptionMessages -Djdk.module.main=oopProject oopProject/oopProject.Main

Host: Intel(R) Core(TM) i5-6300U CPU @ 2.40GHz, 4 cores, 7G,  Windows 10 , 64 bit Build 19041 (10.0.19041.2364)
Time: Sat Dec 24 16:58:37 2022 Pakistan Standard Time elapsed time: 5580.386924 seconds (0d 1h 33m 0s)

---------------  T H R E A D  ---------------

Current thread (0x00000211e4024480):  JavaThread "C2 CompilerThread0" daemon [_thread_in_native, id=13024, stack(0x000000746eb00000,0x000000746ec00000)]


Current CompileTask:
C2:5580387  843       4       java.util.HashMap::put (13 bytes)

Stack: [0x000000746eb00000,0x000000746ec00000]
Native frames: (J=compiled Java code, j=interpreted, Vv=VM code, C=native code)
V  [jvm.dll+0x67731a]
V  [jvm.dll+0x832284]
V  [jvm.dll+0x833a2e]
V  [jvm.dll+0x834093]
V  [jvm.dll+0x245775]
V  [jvm.dll+0xabd7b]
V  [jvm.dll+0xac30c]
V  [jvm.dll+0x363a97]
V  [jvm.dll+0x32e011]
V  [jvm.dll+0x32d4ba]
V  [jvm.dll+0x218681]
V  [jvm.dll+0x217aa1]
V  [jvm.dll+0x1a3f8d]
V  [jvm.dll+0x227498]
V  [jvm.dll+0x2255e5]
V  [jvm.dll+0x7e7e9b]
V  [jvm.dll+0x7e240a]
V  [jvm.dll+0x6761a5]
C  [ucrtbase.dll+0x21bb2]
C  [KERNEL32.DLL+0x17614]
C  [ntdll.dll+0x526a1]


---------------  P R O C E S S  ---------------

Threads class SMR info:
_java_thread_list=0x00000211e4192540, length=17, elements={
0x00000211e34e8930, 0x00000211e34eaa60, 0x00000211e401b290, 0x00000211e401db60,
0x00000211e401ebc0, 0x00000211e401f480, 0x00000211e4024480, 0x00000211e402a290,
0x00000211e3531680, 0x00000211e4139310, 0x00000211e4281e40, 0x00000211e43f6c80,
0x00000211e43f7960, 0x00000211e4312c10, 0x00000211e4523630, 0x00000211c9e2e230,
0x00000211e461d0a0
}

Java Threads: ( => current thread )
  0x00000211e34e8930 JavaThread "Reference Handler" daemon [_thread_blocked, id=10676, stack(0x000000746e500000,0x000000746e600000)]
  0x00000211e34eaa60 JavaThread "Finalizer" daemon [_thread_blocked, id=6764, stack(0x000000746e600000,0x000000746e700000)]
  0x00000211e401b290 JavaThread "Signal Dispatcher" daemon [_thread_blocked, id=4740, stack(0x000000746e700000,0x000000746e800000)]
  0x00000211e401db60 JavaThread "Attach Listener" daemon [_thread_blocked, id=11568, stack(0x000000746e800000,0x000000746e900000)]
  0x00000211e401ebc0 JavaThread "Service Thread" daemon [_thread_blocked, id=4328, stack(0x000000746e900000,0x000000746ea00000)]
  0x00000211e401f480 JavaThread "Monitor Deflation Thread" daemon [_thread_blocked, id=4744, stack(0x000000746ea00000,0x000000746eb00000)]
=>0x00000211e4024480 JavaThread "C2 CompilerThread0" daemon [_thread_in_native, id=13024, stack(0x000000746eb00000,0x000000746ec00000)]
  0x00000211e402a290 JavaThread "C1 CompilerThread0" daemon [_thread_blocked, id=7992, stack(0x000000746ec00000,0x000000746ed00000)]
  0x00000211e3531680 JavaThread "Sweeper thread" daemon [_thread_blocked, id=3556, stack(0x000000746ed00000,0x000000746ee00000)]
  0x00000211e4139310 JavaThread "Common-Cleaner" daemon [_thread_blocked, id=11536, stack(0x000000746ee00000,0x000000746ef00000)]
  0x00000211e4281e40 JavaThread "Notification Thread" daemon [_thread_blocked, id=4716, stack(0x000000746f000000,0x000000746f100000)]
  0x00000211e43f6c80 JavaThread "Java2D Disposer" daemon [_thread_blocked, id=8528, stack(0x000000746f200000,0x000000746f300000)]
  0x00000211e43f7960 JavaThread "AWT-Shutdown" [_thread_blocked, id=5124, stack(0x000000746f300000,0x000000746f400000)]
  0x00000211e4312c10 JavaThread "AWT-Windows" daemon [_thread_in_native, id=1488, stack(0x000000746f400000,0x000000746f500000)]
  0x00000211e4523630 JavaThread "AWT-EventQueue-0" [_thread_blocked, id=12748, stack(0x000000746f500000,0x000000746f600000)]
  0x00000211c9e2e230 JavaThread "DestroyJavaVM" [_thread_blocked, id=13288, stack(0x000000746de00000,0x000000746df00000)]
  0x00000211e461d0a0 JavaThread "TimerQueue" daemon [_thread_blocked, id=12448, stack(0x000000746f900000,0x000000746fa00000)]

Other Threads:
  0x00000211e3508a10 VMThread "VM Thread" [stack: 0x000000746e400000,0x000000746e500000] [id=5348]
  0x00000211e4282310 WatcherThread [stack: 0x000000746f100000,0x000000746f200000] [id=12556]
  0x00000211c9e89430 GCTaskThread "GC Thread#0" [stack: 0x000000746df00000,0x000000746e000000] [id=5620]
  0x00000211c9e9af10 ConcurrentGCThread "G1 Main Marker" [stack: 0x000000746e000000,0x000000746e100000] [id=9236]
  0x00000211c9e9c840 ConcurrentGCThread "G1 Conc#0" [stack: 0x000000746e100000,0x000000746e200000] [id=10392]
  0x00000211c9f01520 ConcurrentGCThread "G1 Refine#0" [stack: 0x000000746e200000,0x000000746e300000] [id=6768]
  0x00000211c9f01e50 ConcurrentGCThread "G1 Service" [stack: 0x000000746e300000,0x000000746e400000] [id=8552]

Threads with active compile tasks:
C2 CompilerThread0  5580451  843       4       java.util.HashMap::put (13 bytes)

VM state: not at safepoint (normal execution)

VM Mutex/Monitor currently owned by a thread: None

Heap address: 0x0000000081c00000, size: 2020 MB, Compressed Oops mode: 32-bit

CDS archive(s) not mapped
Compressed class space mapped at: 0x0000000100000000-0x0000000140000000, reserved size: 1073741824
Narrow klass base: 0x0000000000000000, Narrow klass shift: 3, Narrow klass range: 0x140000000

GC Precious Log:
 CPUs: 4 total, 4 available
 Memory: 8076M
 Large Page Support: Disabled
 NUMA Support: Disabled
 Compressed Oops: Enabled (32-bit)
 Heap Region Size: 1M
 Heap Min Capacity: 8M
 Heap Initial Capacity: 128M
 Heap Max Capacity: 2020M
 Pre-touch: Disabled
 Parallel Workers: 4
 Concurrent Workers: 1
 Concurrent Refinement Workers: 4
 Periodic GC: Disabled

Heap:
 garbage-first heap   total 131072K, used 10240K [0x0000000081c00000, 0x0000000100000000)
  region size 1024K, 7 young (7168K), 0 survivors (0K)
 Metaspace       used 14414K, committed 14528K, reserved 1064960K
  class space    used 1479K, committed 1536K, reserved 1048576K

Heap Regions: E=young(eden), S=young(survivor), O=old, HS=humongous(starts), HC=humongous(continues), CS=collection set, F=free, OA=open archive, CA=closed archive, TAMS=top-at-mark-start (previous, next)
|   0|0x0000000081c00000, 0x0000000081d00000, 0x0000000081d00000|100%|HS|  |TAMS 0x0000000081c00000, 0x0000000081c00000| Complete 
|   1|0x0000000081d00000, 0x0000000081e00000, 0x0000000081e00000|100%|HC|  |TAMS 0x0000000081d00000, 0x0000000081d00000| Complete 
|   2|0x0000000081e00000, 0x0000000081f00000, 0x0000000081f00000|100%|HC|  |TAMS 0x0000000081e00000, 0x0000000081e00000| Complete 
|   3|0x0000000081f00000, 0x0000000082000000, 0x0000000082000000|100%|HC|  |TAMS 0x0000000081f00000, 0x0000000081f00000| Complete 
|   4|0x0000000082000000, 0x0000000082000000, 0x0000000082100000|  0%| F|  |TAMS 0x0000000082000000, 0x0000000082000000| Untracked 
|   5|0x0000000082100000, 0x0000000082100000, 0x0000000082200000|  0%| F|  |TAMS 0x0000000082100000, 0x0000000082100000| Untracked 
|   6|0x0000000082200000, 0x0000000082200000, 0x0000000082300000|  0%| F|  |TAMS 0x0000000082200000, 0x0000000082200000| Untracked 
|   7|0x0000000082300000, 0x0000000082300000, 0x0000000082400000|  0%| F|  |TAMS 0x0000000082300000, 0x0000000082300000| Untracked 
|   8|0x0000000082400000, 0x0000000082400000, 0x0000000082500000|  0%| F|  |TAMS 0x0000000082400000, 0x0000000082400000| Untracked 
|   9|0x0000000082500000, 0x0000000082500000, 0x0000000082600000|  0%| F|  |TAMS 0x0000000082500000, 0x0000000082500000| Untracked 
|  10|0x0000000082600000, 0x0000000082600000, 0x0000000082700000|  0%| F|  |TAMS 0x0000000082600000, 0x0000000082600000| Untracked 
|  11|0x0000000082700000, 0x0000000082700000, 0x0000000082800000|  0%| F|  |TAMS 0x0000000082700000, 0x0000000082700000| Untracked 
|  12|0x0000000082800000, 0x0000000082800000, 0x0000000082900000|  0%| F|  |TAMS 0x0000000082800000, 0x0000000082800000| Untracked 
|  13|0x0000000082900000, 0x0000000082900000, 0x0000000082a00000|  0%| F|  |TAMS 0x0000000082900000, 0x0000000082900000| Untracked 
|  14|0x0000000082a00000, 0x0000000082a00000, 0x0000000082b00000|  0%| F|  |TAMS 0x0000000082a00000, 0x0000000082a00000| Untracked 
|  15|0x0000000082b00000, 0x0000000082b00000, 0x0000000082c00000|  0%| F|  |TAMS 0x0000000082b00000, 0x0000000082b00000| Untracked 
|  16|0x0000000082c00000, 0x0000000082c00000, 0x0000000082d00000|  0%| F|  |TAMS 0x0000000082c00000, 0x0000000082c00000| Untracked 
|  17|0x0000000082d00000, 0x0000000082d00000, 0x0000000082e00000|  0%| F|  |TAMS 0x0000000082d00000, 0x0000000082d00000| Untracked 
|  18|0x0000000082e00000, 0x0000000082e00000, 0x0000000082f00000|  0%| F|  |TAMS 0x0000000082e00000, 0x0000000082e00000| Untracked 
|  19|0x0000000082f00000, 0x0000000082f00000, 0x0000000083000000|  0%| F|  |TAMS 0x0000000082f00000, 0x0000000082f00000| Untracked 
|  20|0x0000000083000000, 0x0000000083000000, 0x0000000083100000|  0%| F|  |TAMS 0x0000000083000000, 0x0000000083000000| Untracked 
|  21|0x0000000083100000, 0x0000000083100000, 0x0000000083200000|  0%| F|  |TAMS 0x0000000083100000, 0x0000000083100000| Untracked 
|  22|0x0000000083200000, 0x0000000083200000, 0x0000000083300000|  0%| F|  |TAMS 0x0000000083200000, 0x0000000083200000| Untracked 
|  23|0x0000000083300000, 0x0000000083300000, 0x0000000083400000|  0%| F|  |TAMS 0x0000000083300000, 0x0000000083300000| Untracked 
|  24|0x0000000083400000, 0x0000000083400000, 0x0000000083500000|  0%| F|  |TAMS 0x0000000083400000, 0x0000000083400000| Untracked 
|  25|0x0000000083500000, 0x0000000083500000, 0x0000000083600000|  0%| F|  |TAMS 0x0000000083500000, 0x0000000083500000| Untracked 
|  26|0x0000000083600000, 0x0000000083600000, 0x0000000083700000|  0%| F|  |TAMS 0x0000000083600000, 0x0000000083600000| Untracked 
|  27|0x0000000083700000, 0x0000000083700000, 0x0000000083800000|  0%| F|  |TAMS 0x0000000083700000, 0x0000000083700000| Untracked 
|  28|0x0000000083800000, 0x0000000083800000, 0x0000000083900000|  0%| F|  |TAMS 0x0000000083800000, 0x0000000083800000| Untracked 
|  29|0x0000000083900000, 0x0000000083900000, 0x0000000083a00000|  0%| F|  |TAMS 0x0000000083900000, 0x0000000083900000| Untracked 
|  30|0x0000000083a00000, 0x0000000083a00000, 0x0000000083b00000|  0%| F|  |TAMS 0x0000000083a00000, 0x0000000083a00000| Untracked 
|  31|0x0000000083b00000, 0x0000000083b00000, 0x0000000083c00000|  0%| F|  |TAMS 0x0000000083b00000, 0x0000000083b00000| Untracked 
|  32|0x0000000083c00000, 0x0000000083c00000, 0x0000000083d00000|  0%| F|  |TAMS 0x0000000083c00000, 0x0000000083c00000| Untracked 
|  33|0x0000000083d00000, 0x0000000083d00000, 0x0000000083e00000|  0%| F|  |TAMS 0x0000000083d00000, 0x0000000083d00000| Untracked 
|  34|0x0000000083e00000, 0x0000000083e00000, 0x0000000083f00000|  0%| F|  |TAMS 0x0000000083e00000, 0x0000000083e00000| Untracked 
|  35|0x0000000083f00000, 0x0000000083f00000, 0x0000000084000000|  0%| F|  |TAMS 0x0000000083f00000, 0x0000000083f00000| Untracked 
|  36|0x0000000084000000, 0x0000000084000000, 0x0000000084100000|  0%| F|  |TAMS 0x0000000084000000, 0x0000000084000000| Untracked 
|  37|0x0000000084100000, 0x0000000084100000, 0x0000000084200000|  0%| F|  |TAMS 0x0000000084100000, 0x0000000084100000| Untracked 
|  38|0x0000000084200000, 0x0000000084200000, 0x0000000084300000|  0%| F|  |TAMS 0x0000000084200000, 0x0000000084200000| Untracked 
|  39|0x0000000084300000, 0x0000000084300000, 0x0000000084400000|  0%| F|  |TAMS 0x0000000084300000, 0x0000000084300000| Untracked 
|  40|0x0000000084400000, 0x0000000084400000, 0x0000000084500000|  0%| F|  |TAMS 0x0000000084400000, 0x0000000084400000| Untracked 
|  41|0x0000000084500000, 0x0000000084500000, 0x0000000084600000|  0%| F|  |TAMS 0x0000000084500000, 0x0000000084500000| Untracked 
|  42|0x0000000084600000, 0x0000000084600000, 0x0000000084700000|  0%| F|  |TAMS 0x0000000084600000, 0x0000000084600000| Untracked 
|  43|0x0000000084700000, 0x0000000084700000, 0x0000000084800000|  0%| F|  |TAMS 0x0000000084700000, 0x0000000084700000| Untracked 
|  44|0x0000000084800000, 0x0000000084800000, 0x0000000084900000|  0%| F|  |TAMS 0x0000000084800000, 0x0000000084800000| Untracked 
|  45|0x0000000084900000, 0x0000000084900000, 0x0000000084a00000|  0%| F|  |TAMS 0x0000000084900000, 0x0000000084900000| Untracked 
|  46|0x0000000084a00000, 0x0000000084a00000, 0x0000000084b00000|  0%| F|  |TAMS 0x0000000084a00000, 0x0000000084a00000| Untracked 
|  47|0x0000000084b00000, 0x0000000084b00000, 0x0000000084c00000|  0%| F|  |TAMS 0x0000000084b00000, 0x0000000084b00000| Untracked 
|  48|0x0000000084c00000, 0x0000000084c00000, 0x0000000084d00000|  0%| F|  |TAMS 0x0000000084c00000, 0x0000000084c00000| Untracked 
|  49|0x0000000084d00000, 0x0000000084d00000, 0x0000000084e00000|  0%| F|  |TAMS 0x0000000084d00000, 0x0000000084d00000| Untracked 
|  50|0x0000000084e00000, 0x0000000084e00000, 0x0000000084f00000|  0%| F|  |TAMS 0x0000000084e00000, 0x0000000084e00000| Untracked 
|  51|0x0000000084f00000, 0x0000000084f00000, 0x0000000085000000|  0%| F|  |TAMS 0x0000000084f00000, 0x0000000084f00000| Untracked 
|  52|0x0000000085000000, 0x0000000085000000, 0x0000000085100000|  0%| F|  |TAMS 0x0000000085000000, 0x0000000085000000| Untracked 
|  53|0x0000000085100000, 0x0000000085100000, 0x0000000085200000|  0%| F|  |TAMS 0x0000000085100000, 0x0000000085100000| Untracked 
|  54|0x0000000085200000, 0x0000000085200000, 0x0000000085300000|  0%| F|  |TAMS 0x0000000085200000, 0x0000000085200000| Untracked 
|  55|0x0000000085300000, 0x0000000085300000, 0x0000000085400000|  0%| F|  |TAMS 0x0000000085300000, 0x0000000085300000| Untracked 
|  56|0x0000000085400000, 0x0000000085400000, 0x0000000085500000|  0%| F|  |TAMS 0x0000000085400000, 0x0000000085400000| Untracked 
|  57|0x0000000085500000, 0x0000000085500000, 0x0000000085600000|  0%| F|  |TAMS 0x0000000085500000, 0x0000000085500000| Untracked 
|  58|0x0000000085600000, 0x0000000085600000, 0x0000000085700000|  0%| F|  |TAMS 0x0000000085600000, 0x0000000085600000| Untracked 
|  59|0x0000000085700000, 0x0000000085700000, 0x0000000085800000|  0%| F|  |TAMS 0x0000000085700000, 0x0000000085700000| Untracked 
|  60|0x0000000085800000, 0x0000000085800000, 0x0000000085900000|  0%| F|  |TAMS 0x0000000085800000, 0x0000000085800000| Untracked 
|  61|0x0000000085900000, 0x0000000085900000, 0x0000000085a00000|  0%| F|  |TAMS 0x0000000085900000, 0x0000000085900000| Untracked 
|  62|0x0000000085a00000, 0x0000000085a00000, 0x0000000085b00000|  0%| F|  |TAMS 0x0000000085a00000, 0x0000000085a00000| Untracked 
|  63|0x0000000085b00000, 0x0000000085b00000, 0x0000000085c00000|  0%| F|  |TAMS 0x0000000085b00000, 0x0000000085b00000| Untracked 
|  64|0x0000000085c00000, 0x0000000085c00000, 0x0000000085d00000|  0%| F|  |TAMS 0x0000000085c00000, 0x0000000085c00000| Untracked 
|  65|0x0000000085d00000, 0x0000000085d00000, 0x0000000085e00000|  0%| F|  |TAMS 0x0000000085d00000, 0x0000000085d00000| Untracked 
|  66|0x0000000085e00000, 0x0000000085e00000, 0x0000000085f00000|  0%| F|  |TAMS 0x0000000085e00000, 0x0000000085e00000| Untracked 
|  67|0x0000000085f00000, 0x0000000085f00000, 0x0000000086000000|  0%| F|  |TAMS 0x0000000085f00000, 0x0000000085f00000| Untracked 
|  68|0x0000000086000000, 0x0000000086000000, 0x0000000086100000|  0%| F|  |TAMS 0x0000000086000000, 0x0000000086000000| Untracked 
|  69|0x0000000086100000, 0x0000000086100000, 0x0000000086200000|  0%| F|  |TAMS 0x0000000086100000, 0x0000000086100000| Untracked 
|  70|0x0000000086200000, 0x0000000086200000, 0x0000000086300000|  0%| F|  |TAMS 0x0000000086200000, 0x0000000086200000| Untracked 
|  71|0x0000000086300000, 0x0000000086300000, 0x0000000086400000|  0%| F|  |TAMS 0x0000000086300000, 0x0000000086300000| Untracked 
|  72|0x0000000086400000, 0x0000000086400000, 0x0000000086500000|  0%| F|  |TAMS 0x0000000086400000, 0x0000000086400000| Untracked 
|  73|0x0000000086500000, 0x0000000086500000, 0x0000000086600000|  0%| F|  |TAMS 0x0000000086500000, 0x0000000086500000| Untracked 
|  74|0x0000000086600000, 0x0000000086600000, 0x0000000086700000|  0%| F|  |TAMS 0x0000000086600000, 0x0000000086600000| Untracked 
|  75|0x0000000086700000, 0x0000000086700000, 0x0000000086800000|  0%| F|  |TAMS 0x0000000086700000, 0x0000000086700000| Untracked 
|  76|0x0000000086800000, 0x0000000086800000, 0x0000000086900000|  0%| F|  |TAMS 0x0000000086800000, 0x0000000086800000| Untracked 
|  77|0x0000000086900000, 0x0000000086900000, 0x0000000086a00000|  0%| F|  |TAMS 0x0000000086900000, 0x0000000086900000| Untracked 
|  78|0x0000000086a00000, 0x0000000086a00000, 0x0000000086b00000|  0%| F|  |TAMS 0x0000000086a00000, 0x0000000086a00000| Untracked 
|  79|0x0000000086b00000, 0x0000000086b00000, 0x0000000086c00000|  0%| F|  |TAMS 0x0000000086b00000, 0x0000000086b00000| Untracked 
|  80|0x0000000086c00000, 0x0000000086c00000, 0x0000000086d00000|  0%| F|  |TAMS 0x0000000086c00000, 0x0000000086c00000| Untracked 
|  81|0x0000000086d00000, 0x0000000086d00000, 0x0000000086e00000|  0%| F|  |TAMS 0x0000000086d00000, 0x0000000086d00000| Untracked 
|  82|0x0000000086e00000, 0x0000000086e00000, 0x0000000086f00000|  0%| F|  |TAMS 0x0000000086e00000, 0x0000000086e00000| Untracked 
|  83|0x0000000086f00000, 0x0000000086f00000, 0x0000000087000000|  0%| F|  |TAMS 0x0000000086f00000, 0x0000000086f00000| Untracked 
|  84|0x0000000087000000, 0x0000000087000000, 0x0000000087100000|  0%| F|  |TAMS 0x0000000087000000, 0x0000000087000000| Untracked 
|  85|0x0000000087100000, 0x0000000087100000, 0x0000000087200000|  0%| F|  |TAMS 0x0000000087100000, 0x0000000087100000| Untracked 
|  86|0x0000000087200000, 0x0000000087200000, 0x0000000087300000|  0%| F|  |TAMS 0x0000000087200000, 0x0000000087200000| Untracked 
|  87|0x0000000087300000, 0x0000000087300000, 0x0000000087400000|  0%| F|  |TAMS 0x0000000087300000, 0x0000000087300000| Untracked 
|  88|0x0000000087400000, 0x0000000087400000, 0x0000000087500000|  0%| F|  |TAMS 0x0000000087400000, 0x0000000087400000| Untracked 
|  89|0x0000000087500000, 0x0000000087500000, 0x0000000087600000|  0%| F|  |TAMS 0x0000000087500000, 0x0000000087500000| Untracked 
|  90|0x0000000087600000, 0x0000000087600000, 0x0000000087700000|  0%| F|  |TAMS 0x0000000087600000, 0x0000000087600000| Untracked 
|  91|0x0000000087700000, 0x0000000087700000, 0x0000000087800000|  0%| F|  |TAMS 0x0000000087700000, 0x0000000087700000| Untracked 
|  92|0x0000000087800000, 0x0000000087800000, 0x0000000087900000|  0%| F|  |TAMS 0x0000000087800000, 0x0000000087800000| Untracked 
|  93|0x0000000087900000, 0x0000000087900000, 0x0000000087a00000|  0%| F|  |TAMS 0x0000000087900000, 0x0000000087900000| Untracked 
|  94|0x0000000087a00000, 0x0000000087a00000, 0x0000000087b00000|  0%| F|  |TAMS 0x0000000087a00000, 0x0000000087a00000| Untracked 
|  95|0x0000000087b00000, 0x0000000087b00000, 0x0000000087c00000|  0%| F|  |TAMS 0x0000000087b00000, 0x0000000087b00000| Untracked 
|  96|0x0000000087c00000, 0x0000000087c00000, 0x0000000087d00000|  0%| F|  |TAMS 0x0000000087c00000, 0x0000000087c00000| Untracked 
|  97|0x0000000087d00000, 0x0000000087d00000, 0x0000000087e00000|  0%| F|  |TAMS 0x0000000087d00000, 0x0000000087d00000| Untracked 
|  98|0x0000000087e00000, 0x0000000087e00000, 0x0000000087f00000|  0%| F|  |TAMS 0x0000000087e00000, 0x0000000087e00000| Untracked 
|  99|0x0000000087f00000, 0x0000000087f00000, 0x0000000088000000|  0%| F|  |TAMS 0x0000000087f00000, 0x0000000087f00000| Untracked 
| 100|0x0000000088000000, 0x0000000088000000, 0x0000000088100000|  0%| F|  |TAMS 0x0000000088000000, 0x0000000088000000| Untracked 
| 101|0x0000000088100000, 0x0000000088100000, 0x0000000088200000|  0%| F|  |TAMS 0x0000000088100000, 0x0000000088100000| Untracked 
| 102|0x0000000088200000, 0x0000000088200000, 0x0000000088300000|  0%| F|  |TAMS 0x0000000088200000, 0x0000000088200000| Untracked 
| 103|0x0000000088300000, 0x0000000088300000, 0x0000000088400000|  0%| F|  |TAMS 0x0000000088300000, 0x0000000088300000| Untracked 
| 104|0x0000000088400000, 0x0000000088400000, 0x0000000088500000|  0%| F|  |TAMS 0x0000000088400000, 0x0000000088400000| Untracked 
| 105|0x0000000088500000, 0x0000000088500000, 0x0000000088600000|  0%| F|  |TAMS 0x0000000088500000, 0x0000000088500000| Untracked 
| 106|0x0000000088600000, 0x0000000088600000, 0x0000000088700000|  0%| F|  |TAMS 0x0000000088600000, 0x0000000088600000| Untracked 
| 107|0x0000000088700000, 0x0000000088700000, 0x0000000088800000|  0%| F|  |TAMS 0x0000000088700000, 0x0000000088700000| Untracked 
| 108|0x0000000088800000, 0x0000000088800000, 0x0000000088900000|  0%| F|  |TAMS 0x0000000088800000, 0x0000000088800000| Untracked 
| 109|0x0000000088900000, 0x0000000088900000, 0x0000000088a00000|  0%| F|  |TAMS 0x0000000088900000, 0x0000000088900000| Untracked 
| 110|0x0000000088a00000, 0x0000000088a00000, 0x0000000088b00000|  0%| F|  |TAMS 0x0000000088a00000, 0x0000000088a00000| Untracked 
| 111|0x0000000088b00000, 0x0000000088b00000, 0x0000000088c00000|  0%| F|  |TAMS 0x0000000088b00000, 0x0000000088b00000| Untracked 
| 112|0x0000000088c00000, 0x0000000088c00000, 0x0000000088d00000|  0%| F|  |TAMS 0x0000000088c00000, 0x0000000088c00000| Untracked 
| 113|0x0000000088d00000, 0x0000000088d00000, 0x0000000088e00000|  0%| F|  |TAMS 0x0000000088d00000, 0x0000000088d00000| Untracked 
| 114|0x0000000088e00000, 0x0000000088e00000, 0x0000000088f00000|  0%| F|  |TAMS 0x0000000088e00000, 0x0000000088e00000| Untracked 
| 115|0x0000000088f00000, 0x0000000088f00000, 0x0000000089000000|  0%| F|  |TAMS 0x0000000088f00000, 0x0000000088f00000| Untracked 
| 116|0x0000000089000000, 0x0000000089000000, 0x0000000089100000|  0%| F|  |TAMS 0x0000000089000000, 0x0000000089000000| Untracked 
| 117|0x0000000089100000, 0x0000000089100000, 0x0000000089200000|  0%| F|  |TAMS 0x0000000089100000, 0x0000000089100000| Untracked 
| 118|0x0000000089200000, 0x0000000089200000, 0x0000000089300000|  0%| F|  |TAMS 0x0000000089200000, 0x0000000089200000| Untracked 
| 119|0x0000000089300000, 0x0000000089300000, 0x0000000089400000|  0%| F|  |TAMS 0x0000000089300000, 0x0000000089300000| Untracked 
| 120|0x0000000089400000, 0x0000000089400000, 0x0000000089500000|  0%| F|  |TAMS 0x0000000089400000, 0x0000000089400000| Untracked 
| 121|0x0000000089500000, 0x0000000089543108, 0x0000000089600000| 26%| E|  |TAMS 0x0000000089500000, 0x0000000089500000| Complete 
| 122|0x0000000089600000, 0x0000000089700000, 0x0000000089700000|100%| E|CS|TAMS 0x0000000089600000, 0x0000000089600000| Complete 
| 123|0x0000000089700000, 0x0000000089800000, 0x0000000089800000|100%| E|CS|TAMS 0x0000000089700000, 0x0000000089700000| Complete 
| 124|0x0000000089800000, 0x0000000089900000, 0x0000000089900000|100%| E|CS|TAMS 0x0000000089800000, 0x0000000089800000| Complete 
| 125|0x0000000089900000, 0x0000000089a00000, 0x0000000089a00000|100%| E|CS|TAMS 0x0000000089900000, 0x0000000089900000| Complete 
| 126|0x0000000089a00000, 0x0000000089b00000, 0x0000000089b00000|100%| E|CS|TAMS 0x0000000089a00000, 0x0000000089a00000| Complete 
| 127|0x0000000089b00000, 0x0000000089c00000, 0x0000000089c00000|100%| E|CS|TAMS 0x0000000089b00000, 0x0000000089b00000| Complete 

Card table byte_map: [0x00000211dc900000,0x00000211dcd00000] _byte_map_base: 0x00000211dc4f2000

Marking Bits (Prev, Next): (CMBitMap*) 0x00000211c9e8a960, (CMBitMap*) 0x00000211c9e8a9a0
 Prev Bits: [0x00000211dd100000, 0x00000211df090000)
 Next Bits: [0x00000211df090000, 0x00000211e1020000)

Polling page: 0x00000211c7b90000

Metaspace:

Usage:
  Non-class:     12.63 MB used.
      Class:      1.45 MB used.
       Both:     14.08 MB used.

Virtual space:
  Non-class space:       16.00 MB reserved,      12.69 MB ( 79%) committed,  2 nodes.
      Class space:        1.00 GB reserved,       1.50 MB ( <1%) committed,  1 nodes.
             Both:        1.02 GB reserved,      14.19 MB (  1%) committed. 

Chunk freelists:
   Non-Class:  3.00 MB
       Class:  2.52 MB
        Both:  5.52 MB

MaxMetaspaceSize: unlimited
CompressedClassSpaceSize: 1.00 GB
Initial GC threshold: 21.00 MB
Current GC threshold: 21.00 MB
CDS: off
MetaspaceReclaimPolicy: balanced
 - commit_granule_bytes: 65536.
 - commit_granule_words: 8192.
 - virtual_space_node_default_size: 1048576.
 - enlarge_chunks_in_place: 1.
 - new_chunks_are_fully_committed: 0.
 - uncommit_free_chunks: 1.
 - use_allocation_guard: 0.
 - handle_deallocations: 1.


Internal statistics:

num_allocs_failed_limit: 0.
num_arena_births: 108.
num_arena_deaths: 0.
num_vsnodes_births: 3.
num_vsnodes_deaths: 0.
num_space_committed: 227.
num_space_uncommitted: 0.
num_chunks_returned_to_freelist: 0.
num_chunks_taken_from_freelist: 167.
num_chunk_merges: 0.
num_chunk_splits: 90.
num_chunks_enlarged: 46.
num_purges: 0.
num_inconsistent_stats: 0.

CodeHeap 'non-profiled nmethods': size=120000Kb used=219Kb max_used=219Kb free=119780Kb
 bounds [0x00000211d4fd0000, 0x00000211d5240000, 0x00000211dc500000]
CodeHeap 'profiled nmethods': size=120000Kb used=1240Kb max_used=1240Kb free=118759Kb
 bounds [0x00000211cdaa0000, 0x00000211cdd10000, 0x00000211d4fd0000]
CodeHeap 'non-nmethods': size=5760Kb used=1263Kb max_used=1277Kb free=4496Kb
 bounds [0x00000211cd500000, 0x00000211cd770000, 0x00000211cdaa0000]
 total_blobs=1432 nmethods=843 adapters=502
 compilation: enabled
              stopped_count=0, restarted_count=0
 full_count=0

Compilation events (20 events):
Event: 11.451 Thread 0x00000211e402a290 nmethod 833 0x00000211cdbd2010 code [0x00000211cdbd21c0, 0x00000211cdbd2488]
Event: 11.451 Thread 0x00000211e402a290  832       1       sun.awt.image.SunVolatileImage::getHeight (5 bytes)
Event: 11.451 Thread 0x00000211e402a290 nmethod 832 0x00000211d5005a10 code [0x00000211d5005ba0, 0x00000211d5005c78]
Event: 11.452 Thread 0x00000211e402a290  834       1       sun.java2d.SurfaceData::isValid (5 bytes)
Event: 11.452 Thread 0x00000211e402a290 nmethod 834 0x00000211d5005d10 code [0x00000211d5005ea0, 0x00000211d5005f78]
Event: 11.555 Thread 0x00000211e402a290  835       3       java.util.concurrent.locks.AbstractQueuedSynchronizer$Node::getAndUnsetStatus (14 bytes)
Event: 11.556 Thread 0x00000211e402a290 nmethod 835 0x00000211cdbd2590 code [0x00000211cdbd2740, 0x00000211cdbd2a28]
Event: 11.567 Thread 0x00000211e402a290  836       3       java.security.AccessController::doPrivileged (9 bytes)
Event: 11.568 Thread 0x00000211e402a290 nmethod 836 0x00000211cdbd2b90 code [0x00000211cdbd2d60, 0x00000211cdbd3078]
Event: 11.962 Thread 0x00000211e402a290  837       1       javax.swing.RepaintManager::isDoubleBufferingEnabled (5 bytes)
Event: 11.963 Thread 0x00000211e402a290 nmethod 837 0x00000211d5006010 code [0x00000211d50061a0, 0x00000211d5006278]
Event: 12.405 Thread 0x00000211e402a290  838       3       java.util.concurrent.locks.LockSupport::setCurrentBlocker (14 bytes)
Event: 12.405 Thread 0x00000211e402a290 nmethod 838 0x00000211cdbd3210 code [0x00000211cdbd33c0, 0x00000211cdbd35e8]
Event: 5579.844 Thread 0x00000211e4024480  841       4       java.lang.String::toString (2 bytes)
Event: 5579.845 Thread 0x00000211e4024480 nmethod 841 0x00000211d5006b10 code [0x00000211d5006c80, 0x00000211d5006cf8]
Event: 5580.364 Thread 0x00000211e402a290  842       3       java.lang.invoke.DirectMethodHandle::make (275 bytes)
Event: 5580.367 Thread 0x00000211e402a290 nmethod 842 0x00000211cdbd3690 code [0x00000211cdbd3a20, 0x00000211cdbd4e38]
Event: 5580.370 Thread 0x00000211e4024480  843       4       java.util.HashMap::put (13 bytes)
Event: 5580.370 Thread 0x00000211e402a290  844       3       java.beans.PropertyChangeSupport::firePropertyChange (35 bytes)
Event: 5580.370 Thread 0x00000211e402a290 nmethod 844 0x00000211cdbd5690 code [0x00000211cdbd5880, 0x00000211cdbd5fe8]

GC Heap History (0 events):
No events

Deoptimization events (14 events):
Event: 0.225 Thread 0x00000211c9e2e230 Uncommon trap: trap_request=0xffffff45 fr.pc=0x00000211d4fd4f5c relative=0x000000000000005c
Event: 0.225 Thread 0x00000211c9e2e230 Uncommon trap: reason=unstable_if action=reinterpret pc=0x00000211d4fd4f5c method=java.lang.String.isLatin1()Z @ 10 c2
Event: 0.225 Thread 0x00000211c9e2e230 DEOPT PACKING pc=0x00000211d4fd4f5c sp=0x000000746defe4d0
Event: 0.225 Thread 0x00000211c9e2e230 DEOPT UNPACKING pc=0x00000211cd5523a3 sp=0x000000746defe460 mode 2
Event: 0.225 Thread 0x00000211c9e2e230 Uncommon trap: trap_request=0xffffff45 fr.pc=0x00000211d4fd81f8 relative=0x0000000000000078
Event: 0.225 Thread 0x00000211c9e2e230 Uncommon trap: reason=unstable_if action=reinterpret pc=0x00000211d4fd81f8 method=java.lang.String.isLatin1()Z @ 10 c2
Event: 0.225 Thread 0x00000211c9e2e230 DEOPT PACKING pc=0x00000211d4fd81f8 sp=0x000000746defeed0
Event: 0.225 Thread 0x00000211c9e2e230 DEOPT UNPACKING pc=0x00000211cd5523a3 sp=0x000000746defee10 mode 2
Event: 0.558 Thread 0x00000211c9e2e230 DEOPT PACKING pc=0x00000211cdab1a67 sp=0x000000746defc830
Event: 0.558 Thread 0x00000211c9e2e230 DEOPT UNPACKING pc=0x00000211cd552b43 sp=0x000000746defbc50 mode 0
Event: 0.662 Thread 0x00000211e4523630 Uncommon trap: trap_request=0xffffff45 fr.pc=0x00000211d4fdc148 relative=0x00000000000008e8
Event: 0.662 Thread 0x00000211e4523630 Uncommon trap: reason=unstable_if action=reinterpret pc=0x00000211d4fdc148 method=java.util.HashMap.putVal(ILjava/lang/Object;Ljava/lang/Object;ZZ)Ljava/lang/Object; @ 181 c2
Event: 0.662 Thread 0x00000211e4523630 DEOPT PACKING pc=0x00000211d4fdc148 sp=0x000000746f5fcee0
Event: 0.662 Thread 0x00000211e4523630 DEOPT UNPACKING pc=0x00000211cd5523a3 sp=0x000000746f5fce80 mode 2

Classes unloaded (0 events):
No events

Classes redefined (0 events):
No events

Internal exceptions (14 events):
Event: 0.192 Thread 0x00000211c9e2e230 Exception <a 'java/lang/NoSuchMethodError'{0x0000000089a27260}: 'void java.lang.invoke.DirectMethodHandle$Holder.invokeVirtual(java.lang.Object, java.lang.Object)'> (0x0000000089a27260) 
thrown [s\src\hotspot\share\interpreter\linkResolver.cpp, line 759]
Event: 0.249 Thread 0x00000211c9e2e230 Exception <a 'sun/nio/fs/WindowsException'{0x0000000089accb50}> (0x0000000089accb50) 
thrown [s\src\hotspot\share\prims\jni.cpp, line 516]
Event: 0.255 Thread 0x00000211c9e2e230 Exception <a 'java/lang/ClassNotFoundException'{0x0000000089ad2c20}: sun/awt/resources/spi/awtProvider> (0x0000000089ad2c20) 
thrown [s\src\hotspot\share\classfile\systemDictionary.cpp, line 256]
Event: 0.281 Thread 0x00000211c9e2e230 Exception <a 'java/io/FileNotFoundException'{0x0000000089927200}> (0x0000000089927200) 
thrown [s\src\hotspot\share\prims\jni.cpp, line 516]
Event: 0.290 Thread 0x00000211c9e2e230 Exception <a 'java/io/FileNotFoundException'{0x00000000899543d0}> (0x00000000899543d0) 
thrown [s\src\hotspot\share\prims\jni.cpp, line 516]
Event: 0.336 Thread 0x00000211c9e2e230 Exception <a 'java/lang/NoSuchMethodError'{0x0000000089990d10}: 'java.lang.Object java.lang.invoke.DirectMethodHandle$Holder.invokeStaticInit(java.lang.Object)'> (0x0000000089990d10) 
thrown [s\src\hotspot\share\interpreter\linkResolver.cpp, line 759]
Event: 0.373 Thread 0x00000211c9e2e230 Exception <a 'java/lang/NoSuchMethodError'{0x0000000089812208}: 'void java.lang.invoke.DirectMethodHandle$Holder.invokeSpecial(java.lang.Object, java.lang.Object, java.lang.Object)'> (0x0000000089812208) 
thrown [s\src\hotspot\share\interpreter\linkResolver.cpp, line 759]
Event: 0.383 Thread 0x00000211c9e2e230 Exception <a 'java/lang/NoSuchMethodError'{0x000000008983c260}: 'java.lang.Object java.lang.invoke.DirectMethodHandle$Holder.newInvokeSpecial(java.lang.Object, java.lang.Object, java.lang.Object, java.lang.Object, java.lang.Object)'> (0x000000008983c260) 
thrown [s\src\hotspot\share\interpreter\linkResolver.cpp, line 759]
Event: 0.385 Thread 0x00000211c9e2e230 Exception <a 'java/lang/NoSuchMethodError'{0x0000000089847e88}: 'java.lang.Object java.lang.invoke.DirectMethodHandle$Holder.invokeStatic(java.lang.Object, int, java.lang.Object, java.lang.Object, java.lang.Object, java.lang.Object)'> (0x0000000089847e88) 
thrown [s\src\hotspot\share\interpreter\linkResolver.cpp, line 759]
Event: 0.392 Thread 0x00000211c9e2e230 Exception <a 'java/lang/NoSuchMethodError'{0x000000008986d648}: 'java.lang.Object java.lang.invoke.DirectMethodHandle$Holder.invokeStatic(java.lang.Object, int, java.lang.Object)'> (0x000000008986d648) 
thrown [s\src\hotspot\share\interpreter\linkResolver.cpp, line 759]
Event: 0.441 Thread 0x00000211c9e2e230 Exception <a 'java/lang/ClassNotFoundException'{0x0000000089725408}: com/sun/swing/internal/plaf/metal/resources/spi/metalProvider> (0x0000000089725408) 
thrown [s\src\hotspot\share\classfile\systemDictionary.cpp, line 256]
Event: 0.443 Thread 0x00000211c9e2e230 Exception <a 'java/lang/ClassNotFoundException'{0x0000000089729260}: com/sun/swing/internal/plaf/basic/resources/spi/basicProvider> (0x0000000089729260) 
thrown [s\src\hotspot\share\classfile\systemDictionary.cpp, line 256]
Event: 0.527 Thread 0x00000211c9e2e230 Exception <a 'java/lang/NoSuchMethodError'{0x00000000897cf0f0}: 'void java.lang.invoke.DirectMethodHandle$Holder.invokeStaticInit(java.lang.Object)'> (0x00000000897cf0f0) 
thrown [s\src\hotspot\share\interpreter\linkResolver.cpp, line 759]
Event: 0.570 Thread 0x00000211c9e2e230 Exception <a 'sun/nio/fs/WindowsException'{0x000000008962c2a8}> (0x000000008962c2a8) 
thrown [s\src\hotspot\share\prims\jni.cpp, line 516]

VM Operations (18 events):
Event: 0.208 Executing VM operation: HandshakeAllThreads
Event: 0.208 Executing VM operation: HandshakeAllThreads done
Event: 0.485 Executing VM operation: HandshakeAllThreads
Event: 0.485 Executing VM operation: HandshakeAllThreads done
Event: 0.557 Executing VM operation: HandshakeAllThreads
Event: 0.557 Executing VM operation: HandshakeAllThreads done
Event: 0.627 Executing VM operation: HandshakeAllThreads
Event: 0.627 Executing VM operation: HandshakeAllThreads done
Event: 1.633 Executing VM operation: Cleanup
Event: 1.633 Executing VM operation: Cleanup done
Event: 3.652 Executing VM operation: Cleanup
Event: 3.652 Executing VM operation: Cleanup done
Event: 4.661 Executing VM operation: Cleanup
Event: 4.661 Executing VM operation: Cleanup done
Event: 11.714 Executing VM operation: Cleanup
Event: 11.714 Executing VM operation: Cleanup done
Event: 12.715 Executing VM operation: Cleanup
Event: 12.715 Executing VM operation: Cleanup done

Events (20 events):
Event: 1.262 loading class javax/swing/Timer$1
Event: 1.263 loading class javax/swing/Timer$1 done
Event: 1.625 loading class java/awt/LightweightDispatcher$2
Event: 1.625 loading class java/awt/LightweightDispatcher$2 done
Event: 12.405 loading class java/awt/KeyboardFocusManager$2
Event: 12.406 loading class java/awt/KeyboardFocusManager$2 done
Event: 12.406 loading class sun/awt/SunToolkit$1
Event: 12.406 loading class sun/awt/SunToolkit$1 done
Event: 5388.485 loading class java/awt/desktop/SystemSleepListener
Event: 5388.488 loading class java/awt/desktop/SystemEventListener
Event: 5388.489 loading class java/awt/desktop/SystemEventListener done
Event: 5388.490 loading class java/awt/desktop/SystemSleepListener done
Event: 5579.567 loading class java/util/Collections$SynchronizedSet
Event: 5579.573 loading class java/util/Collections$SynchronizedSet done
Event: 5579.574 loading class java/util/WeakHashMap$KeyIterator
Event: 5579.575 loading class java/util/WeakHashMap$HashIterator
Event: 5579.576 loading class java/util/WeakHashMap$HashIterator done
Event: 5579.576 loading class java/util/WeakHashMap$KeyIterator done
Event: 5579.581 loading class javax/swing/RepaintManager$DisplayChangedRunnable
Event: 5579.581 loading class javax/swing/RepaintManager$DisplayChangedRunnable done


Dynamic libraries:
0x00007ff6982f0000 - 0x00007ff6982fe000 	C:\Users\khadija\.p2\pool\plugins\org.eclipse.justj.openjdk.hotspot.jre.full.win32.x86_64_17.0.4.v20221004-1257\jre\bin\javaw.exe
0x00007ffa26970000 - 0x00007ffa26b68000 	C:\Windows\SYSTEM32\ntdll.dll
0x00007ffa25b90000 - 0x00007ffa25c4f000 	C:\Windows\System32\KERNEL32.DLL
0x00007ffa24120000 - 0x00007ffa243f2000 	C:\Windows\System32\KERNELBASE.dll
0x00007ffa24680000 - 0x00007ffa24780000 	C:\Windows\System32\ucrtbase.dll
0x00007ffa119d0000 - 0x00007ffa119e8000 	C:\Users\khadija\.p2\pool\plugins\org.eclipse.justj.openjdk.hotspot.jre.full.win32.x86_64_17.0.4.v20221004-1257\jre\bin\jli.dll
0x00007ffa249b0000 - 0x00007ffa24b51000 	C:\Windows\System32\USER32.dll
0x00007ffa24060000 - 0x00007ffa24082000 	C:\Windows\System32\win32u.dll
0x00007ffa254c0000 - 0x00007ffa254eb000 	C:\Windows\System32\GDI32.dll
0x00007ffa24470000 - 0x00007ffa2457f000 	C:\Windows\System32\gdi32full.dll
0x00007ffa24780000 - 0x00007ffa2481d000 	C:\Windows\System32\msvcp_win.dll
0x00007ffa11240000 - 0x00007ffa11259000 	C:\Users\khadija\.p2\pool\plugins\org.eclipse.justj.openjdk.hotspot.jre.full.win32.x86_64_17.0.4.v20221004-1257\jre\bin\VCRUNTIME140.dll
0x00007ffa12490000 - 0x00007ffa1272a000 	C:\Windows\WinSxS\amd64_microsoft.windows.common-controls_6595b64144ccf1df_6.0.19041.1110_none_60b5254171f9507e\COMCTL32.dll
0x00007ffa257d0000 - 0x00007ffa2586e000 	C:\Windows\System32\msvcrt.dll
0x00007ffa25880000 - 0x00007ffa258b2000 	C:\Windows\System32\IMM32.DLL
0x00007ffa207b0000 - 0x00007ffa207bc000 	C:\Users\khadija\.p2\pool\plugins\org.eclipse.justj.openjdk.hotspot.jre.full.win32.x86_64_17.0.4.v20221004-1257\jre\bin\vcruntime140_1.dll
0x00007ff9fc6f0000 - 0x00007ff9fc781000 	C:\Users\khadija\.p2\pool\plugins\org.eclipse.justj.openjdk.hotspot.jre.full.win32.x86_64_17.0.4.v20221004-1257\jre\bin\msvcp140.dll
0x00007ff9c3a10000 - 0x00007ff9c4656000 	C:\Users\khadija\.p2\pool\plugins\org.eclipse.justj.openjdk.hotspot.jre.full.win32.x86_64_17.0.4.v20221004-1257\jre\bin\server\jvm.dll
0x00007ffa25340000 - 0x00007ffa253ee000 	C:\Windows\System32\ADVAPI32.dll
0x00007ffa26890000 - 0x00007ffa2692c000 	C:\Windows\System32\sechost.dll
0x00007ffa256a0000 - 0x00007ffa257c5000 	C:\Windows\System32\RPCRT4.dll
0x00007ffa24be0000 - 0x00007ffa24be8000 	C:\Windows\System32\PSAPI.DLL
0x00007ffa08420000 - 0x00007ffa08429000 	C:\Windows\SYSTEM32\WSOCK32.dll
0x00007ffa25450000 - 0x00007ffa254bb000 	C:\Windows\System32\WS2_32.dll
0x00007ffa10750000 - 0x00007ffa10777000 	C:\Windows\SYSTEM32\WINMM.dll
0x00007ffa1a380000 - 0x00007ffa1a38a000 	C:\Windows\SYSTEM32\VERSION.dll
0x00007ffa228b0000 - 0x00007ffa228c2000 	C:\Windows\SYSTEM32\kernel.appcore.dll
0x00007ffa1dd90000 - 0x00007ffa1dd9a000 	C:\Users\khadija\.p2\pool\plugins\org.eclipse.justj.openjdk.hotspot.jre.full.win32.x86_64_17.0.4.v20221004-1257\jre\bin\jimage.dll
0x00007ffa21e10000 - 0x00007ffa21ff4000 	C:\Windows\SYSTEM32\DBGHELP.DLL
0x00007ffa11fb0000 - 0x00007ffa11fe5000 	C:\Windows\SYSTEM32\dbgcore.DLL
0x00007ffa24090000 - 0x00007ffa24112000 	C:\Windows\System32\bcryptPrimitives.dll
0x00007ffa1db20000 - 0x00007ffa1db45000 	C:\Users\khadija\.p2\pool\plugins\org.eclipse.justj.openjdk.hotspot.jre.full.win32.x86_64_17.0.4.v20221004-1257\jre\bin\java.dll
0x00007ffa1db00000 - 0x00007ffa1db18000 	C:\Users\khadija\.p2\pool\plugins\org.eclipse.justj.openjdk.hotspot.jre.full.win32.x86_64_17.0.4.v20221004-1257\jre\bin\zip.dll
0x00007ffa24bf0000 - 0x00007ffa25334000 	C:\Windows\System32\SHELL32.dll
0x00007ffa22000000 - 0x00007ffa22792000 	C:\Windows\SYSTEM32\windows.storage.dll
0x00007ffa25eb0000 - 0x00007ffa26205000 	C:\Windows\System32\combase.dll
0x00007ffa239e0000 - 0x00007ffa23a10000 	C:\Windows\SYSTEM32\Wldp.dll
0x00007ffa26210000 - 0x00007ffa262bd000 	C:\Windows\System32\SHCORE.dll
0x00007ffa258d0000 - 0x00007ffa25925000 	C:\Windows\System32\shlwapi.dll
0x00007ffa23fa0000 - 0x00007ffa23fbf000 	C:\Windows\SYSTEM32\profapi.dll
0x00007ffa1da20000 - 0x00007ffa1da39000 	C:\Users\khadija\.p2\pool\plugins\org.eclipse.justj.openjdk.hotspot.jre.full.win32.x86_64_17.0.4.v20221004-1257\jre\bin\net.dll
0x00007ffa14ae0000 - 0x00007ffa14bec000 	C:\Windows\SYSTEM32\WINHTTP.dll
0x00007ffa23740000 - 0x00007ffa237aa000 	C:\Windows\system32\mswsock.dll
0x00007ffa1da00000 - 0x00007ffa1da15000 	C:\Users\khadija\.p2\pool\plugins\org.eclipse.justj.openjdk.hotspot.jre.full.win32.x86_64_17.0.4.v20221004-1257\jre\bin\nio.dll
0x00007ff9c6920000 - 0x00007ff9c6aae000 	C:\Users\khadija\.p2\pool\plugins\org.eclipse.justj.openjdk.hotspot.jre.full.win32.x86_64_17.0.4.v20221004-1257\jre\bin\awt.dll
0x00007ffa26730000 - 0x00007ffa267fd000 	C:\Windows\System32\OLEAUT32.dll
0x00007ffa213b0000 - 0x00007ffa21441000 	C:\Windows\SYSTEM32\apphelp.dll
0x00007ffa21a60000 - 0x00007ffa21a8f000 	C:\Windows\system32\DWMAPI.DLL
0x00007ffa216a0000 - 0x00007ffa2173e000 	C:\Windows\system32\uxtheme.dll
0x00007ffa0f500000 - 0x00007ffa0f625000 	C:\Windows\system32\opengl32.dll
0x00007ffa0f490000 - 0x00007ffa0f4bc000 	C:\Windows\SYSTEM32\GLU32.dll
0x00007ffa25990000 - 0x00007ffa25aa5000 	C:\Windows\System32\MSCTF.dll
0x00007ffa25c50000 - 0x00007ffa25d7a000 	C:\Windows\System32\ole32.dll
0x00007ffa0f130000 - 0x00007ffa0f1b6000 	C:\Users\khadija\.p2\pool\plugins\org.eclipse.justj.openjdk.hotspot.jre.full.win32.x86_64_17.0.4.v20221004-1257\jre\bin\freetype.dll
0x00007ff9fa920000 - 0x00007ff9fa9c8000 	C:\Users\khadija\.p2\pool\plugins\org.eclipse.justj.openjdk.hotspot.jre.full.win32.x86_64_17.0.4.v20221004-1257\jre\bin\fontmanager.dll
0x00007ffa25d80000 - 0x00007ffa25e2f000 	C:\Windows\System32\clbcatq.dll
0x00007ffa1db50000 - 0x00007ffa1dd04000 	C:\Windows\SYSTEM32\WindowsCodecs.dll
0x00007ffa24820000 - 0x00007ffa24847000 	C:\Windows\System32\bcrypt.dll
0x00007ffa0b490000 - 0x00007ffa0b4ce000 	C:\Windows\system32\dataexchange.dll
0x00007ffa1f890000 - 0x00007ffa1faf3000 	C:\Windows\system32\d3d11.dll
0x00007ffa20570000 - 0x00007ffa20753000 	C:\Windows\system32\dcomp.dll
0x00007ffa22a40000 - 0x00007ffa22b33000 	C:\Windows\system32\dxgi.dll
0x00007ffa1df30000 - 0x00007ffa1e130000 	C:\Windows\system32\twinapi.appcore.dll
0x00007ffa1c0f0000 - 0x00007ffa1c1e9000 	C:\Windows\SYSTEM32\textinputframework.dll
0x00007ffa20c00000 - 0x00007ffa20f5e000 	C:\Windows\System32\CoreUIComponents.dll
0x00007ffa20f60000 - 0x00007ffa21052000 	C:\Windows\System32\CoreMessaging.dll
0x00007ffa1f710000 - 0x00007ffa1f864000 	C:\Windows\SYSTEM32\wintypes.dll
0x00007ffa23180000 - 0x00007ffa231b3000 	C:\Windows\SYSTEM32\ntmarta.dll
0x00007ffa0ddc0000 - 0x00007ffa0de26000 	C:\Windows\system32\Oleacc.dll

dbghelp: loaded successfully - version: 4.0.5 - missing functions: none
symbol engine: initialized successfully - sym options: 0x614 - pdb path: .;C:\Users\khadija\.p2\pool\plugins\org.eclipse.justj.openjdk.hotspot.jre.full.win32.x86_64_17.0.4.v20221004-1257\jre\bin;C:\Windows\SYSTEM32;C:\Windows\WinSxS\amd64_microsoft.windows.common-controls_6595b64144ccf1df_6.0.19041.1110_none_60b5254171f9507e;C:\Users\khadija\.p2\pool\plugins\org.eclipse.justj.openjdk.hotspot.jre.full.win32.x86_64_17.0.4.v20221004-1257\jre\bin\server

VM Arguments:
jvm_args: -Dfile.encoding=UTF-8 --module-path=C:\Users\khadija\eclipse-workspace\oopProject\bin -XX:+ShowCodeDetailsInExceptionMessages -Djdk.module.main=oopProject 
java_command: oopProject/oopProject.Main
java_class_path (initial): <not set>
Launcher Type: SUN_STANDARD

[Global flags]
     intx CICompilerCount                          = 3                                         {product} {ergonomic}
     uint ConcGCThreads                            = 1                                         {product} {ergonomic}
     uint G1ConcRefinementThreads                  = 4                                         {product} {ergonomic}
   size_t G1HeapRegionSize                         = 1048576                                   {product} {ergonomic}
    uintx GCDrainStackTargetSize                   = 64                                        {product} {ergonomic}
   size_t InitialHeapSize                          = 134217728                                 {product} {ergonomic}
   size_t MarkStackSize                            = 4194304                                   {product} {ergonomic}
   size_t MaxHeapSize                              = 2118123520                                {product} {ergonomic}
   size_t MaxNewSize                               = 1270874112                                {product} {ergonomic}
   size_t MinHeapDeltaBytes                        = 1048576                                   {product} {ergonomic}
   size_t MinHeapSize                              = 8388608                                   {product} {ergonomic}
    uintx NonNMethodCodeHeapSize                   = 5832780                                {pd product} {ergonomic}
    uintx NonProfiledCodeHeapSize                  = 122912730                              {pd product} {ergonomic}
    uintx ProfiledCodeHeapSize                     = 122912730                              {pd product} {ergonomic}
    uintx ReservedCodeCacheSize                    = 251658240                              {pd product} {ergonomic}
     bool SegmentedCodeCache                       = true                                      {product} {ergonomic}
     bool ShowCodeDetailsInExceptionMessages       = true                                   {manageable} {command line}
   size_t SoftMaxHeapSize                          = 2118123520                             {manageable} {ergonomic}
     bool UseCompressedClassPointers               = true                           {product lp64_product} {ergonomic}
     bool UseCompressedOops                        = true                           {product lp64_product} {ergonomic}
     bool UseG1GC                                  = true                                      {product} {ergonomic}
     bool UseLargePagesIndividualAllocation        = false                                  {pd product} {ergonomic}

Logging:
Log output configuration:
 #0: stdout all=warning uptime,level,tags
 #1: stderr all=off uptime,level,tags

Environment Variables:
JAVA_HOME=C:\Program Files\Java\jdk-17.0.5
PATH=C:/Users/khadija/.p2/pool/plugins/org.eclipse.justj.openjdk.hotspot.jre.full.win32.x86_64_17.0.4.v20221004-1257/jre/bin/server;C:/Users/khadija/.p2/pool/plugins/org.eclipse.justj.openjdk.hotspot.jre.full.win32.x86_64_17.0.4.v20221004-1257/jre/bin;C:\Program Files\Common Files\Oracle\Java\javapath;C:\Windows\system32;C:\Windows;C:\Windows\System32\Wbem;C:\Windows\System32\WindowsPowerShell\v1.0\;C:\Windows\System32\OpenSSH\;C:\Program Files\Git\cmd;C:\Program Files\Microsoft VS Code\bin;C:\Program Files\nodejs\;C:\Users\khadija\AppData\Local\Microsoft\WindowsApps;C:\src\flutter\bin;C:\Users\khadija\AppData\Local\GitHubDesktop\bin;C:\Program Files\Java\jdk-17.0.5\bin;C:\Users\khadija\AppData\Roaming\npm;C:\Windows\System32;
USERNAME=khadija
OS=Windows_NT
PROCESSOR_IDENTIFIER=Intel64 Family 6 Model 78 Stepping 3, GenuineIntel
TMP=C:\Users\khadija\AppData\Local\Temp
TEMP=C:\Users\khadija\AppData\Local\Temp



---------------  S Y S T E M  ---------------

OS:
 Windows 10 , 64 bit Build 19041 (10.0.19041.2364)
OS uptime: 5 days 20:30 hours

CPU: total 4 (initial active 4) (2 cores per cpu, 2 threads per core) family 6 model 78 stepping 3 microcode 0xcc, cx8, cmov, fxsr, ht, mmx, 3dnowpref, sse, sse2, sse3, ssse3, sse4.1, sse4.2, popcnt, lzcnt, tsc, tscinvbit, avx, avx2, aes, erms, clmul, bmi1, bmi2, rtm, adx, fma, vzeroupper, clflush, clflushopt

Memory: 4k page, system-wide physical 8076M (1066M free)
TotalPageFile size 26475M (AvailPageFile size 3M)
current process WorkingSet (physical memory assigned to process): 39M, peak: 69M
current process commit charge ("private bytes"): 215M, peak: 216M

vm_info: OpenJDK 64-Bit Server VM (17.0.4.1+1) for windows-amd64 JRE (17.0.4.1+1), built on Aug 17 2022 07:42:43 by "temurin" with MS VC++ 16.7 (VS2019)

END.
