#
# There is insufficient memory for the Java Runtime Environment to continue.
# Native memory allocation (mmap) failed to map 134217728 bytes for G1 virtual space
# Possible reasons:
#   The system is out of physical RAM or swap space
#   The process is running with CompressedOops enabled, and the Java Heap may be blocking the growth of the native heap
# Possible solutions:
#   Reduce memory load on the system
#   Increase physical memory or swap space
#   Check if swap backing store is full
#   Decrease Java heap size (-Xmx/-Xms)
#   Decrease number of Java threads
#   Decrease Java thread stack sizes (-Xss)
#   Set larger code cache with -XX:ReservedCodeCacheSize=
#   JVM is running with Unscaled Compressed Oops mode in which the Java heap is
#     placed in the first 4GB address space. The Java Heap base address is the
#     maximum limit for the native heap growth. Please use -XX:HeapBaseMinAddress
#     to set the Java Heap base and to place the Java Heap above 4GB virtual address.
# This output file may be truncated or incomplete.
#
#  Out of Memory Error (os_windows.cpp:3541), pid=17988, tid=19696
#
# JRE version:  (17.0.4.1+1) (build )
# Java VM: OpenJDK 64-Bit Server VM (17.0.4.1+1, mixed mode, sharing, tiered, compressed oops, compressed class ptrs, g1 gc, windows-amd64)
# No core dump will be written. Minidumps are not enabled by default on client versions of Windows
#

---------------  S U M M A R Y ------------

Command Line: -Dfile.encoding=UTF-8 --module-path=C:\Users\khadija\eclipse-workspace\oopProject\bin -XX:+ShowCodeDetailsInExceptionMessages -Djdk.module.main=oopProject oopProject/oopProject.Main

Host: Intel(R) Core(TM) i5-6300U CPU @ 2.40GHz, 4 cores, 7G,  Windows 10 , 64 bit Build 19041 (10.0.19041.2364)
Time: Sat Dec 24 23:05:57 2022 Pakistan Standard Time elapsed time: 0.031239 seconds (0d 0h 0m 0s)

---------------  T H R E A D  ---------------

Current thread (0x0000024a1722b950):  JavaThread "Unknown thread" [_thread_in_vm, id=19696, stack(0x00000058bf100000,0x00000058bf200000)]

Stack: [0x00000058bf100000,0x00000058bf200000]
Native frames: (J=compiled Java code, j=interpreted, Vv=VM code, C=native code)
V  [jvm.dll+0x67731a]
V  [jvm.dll+0x832284]
V  [jvm.dll+0x833a2e]
V  [jvm.dll+0x834093]
V  [jvm.dll+0x245775]
V  [jvm.dll+0x674209]
V  [jvm.dll+0x668a92]
V  [jvm.dll+0x30471b]
V  [jvm.dll+0x30bc66]
V  [jvm.dll+0x35ba9e]
V  [jvm.dll+0x35bccf]
V  [jvm.dll+0x2db5b8]
V  [jvm.dll+0x2dc524]
V  [jvm.dll+0x803db1]
V  [jvm.dll+0x3698f1]
V  [jvm.dll+0x7e31bc]
V  [jvm.dll+0x3ec25f]
V  [jvm.dll+0x3edde1]
C  [jli.dll+0x5277]
C  [ucrtbase.dll+0x21bb2]
C  [KERNEL32.DLL+0x17614]
C  [ntdll.dll+0x526a1]


---------------  P R O C E S S  ---------------

Threads class SMR info:
_java_thread_list=0x00007fff33824e98, length=0, elements={
}

Java Threads: ( => current thread )

Other Threads:
  0x0000024a17287b30 GCTaskThread "GC Thread#0" [stack: 0x00000058bf200000,0x00000058bf300000] [id=3828]
  0x0000024a17299610 ConcurrentGCThread "G1 Main Marker" [stack: 0x00000058bf300000,0x00000058bf400000] [id=2708]
  0x0000024a1729b820 ConcurrentGCThread "G1 Conc#0" [stack: 0x00000058bf400000,0x00000058bf500000] [id=21276]

[error occurred during error reporting (printing all threads), id 0xc0000005, EXCEPTION_ACCESS_VIOLATION (0xc0000005) at pc=0x00007fff32ffc047]

VM state: not at safepoint (not fully initialized)

VM Mutex/Monitor currently owned by a thread:  ([mutex/lock_event])
[0x0000024a172269b0] Heap_lock - owner thread: 0x0000024a1722b950

Heap address: 0x0000000081c00000, size: 2020 MB, Compressed Oops mode: 32-bit

CDS archive(s) mapped at: [0x0000000000000000-0x0000000000000000-0x0000000000000000), size 0, SharedBaseAddress: 0x0000000800000000, ArchiveRelocationMode: 0.
Narrow klass base: 0x0000000000000000, Narrow klass shift: 0, Narrow klass range: 0x0

GC Precious Log:
<Empty>

Heap:
 garbage-first heap   total 0K, used 0K [0x0000000081c00000, 0x0000000100000000)
  region size 1024K, 0 young (0K), 0 survivors (0K)

[error occurred during error reporting (printing heap information), id 0xc0000005, EXCEPTION_ACCESS_VIOLATION (0xc0000005) at pc=0x00007fff333e0699]

GC Heap History (0 events):
No events

Deoptimization events (0 events):
No events

Classes unloaded (0 events):
No events

Classes redefined (0 events):
No events

Internal exceptions (0 events):
No events

VM Operations (0 events):
No events

Events (1 events):
Event: 0.017 Loaded shared library C:\Users\khadija\.p2\pool\plugins\org.eclipse.justj.openjdk.hotspot.jre.full.win32.x86_64_17.0.4.v20221004-1257\jre\bin\java.dll


Dynamic libraries:
0x00007ff684e40000 - 0x00007ff684e4e000 	C:\Users\khadija\.p2\pool\plugins\org.eclipse.justj.openjdk.hotspot.jre.full.win32.x86_64_17.0.4.v20221004-1257\jre\bin\javaw.exe
0x00007fff94430000 - 0x00007fff94628000 	C:\Windows\SYSTEM32\ntdll.dll
0x00007fff93cd0000 - 0x00007fff93d8f000 	C:\Windows\System32\KERNEL32.DLL
0x00007fff91ec0000 - 0x00007fff92192000 	C:\Windows\System32\KERNELBASE.dll
0x00007fff91d90000 - 0x00007fff91e90000 	C:\Windows\System32\ucrtbase.dll
0x00007fff8a360000 - 0x00007fff8a378000 	C:\Users\khadija\.p2\pool\plugins\org.eclipse.justj.openjdk.hotspot.jre.full.win32.x86_64_17.0.4.v20221004-1257\jre\bin\jli.dll
0x00007fff93d90000 - 0x00007fff93f31000 	C:\Windows\System32\USER32.dll
0x00007fff91cd0000 - 0x00007fff91cf2000 	C:\Windows\System32\win32u.dll
0x00007fff942e0000 - 0x00007fff9430b000 	C:\Windows\System32\GDI32.dll
0x00007fff92240000 - 0x00007fff9234f000 	C:\Windows\System32\gdi32full.dll
0x00007fff921a0000 - 0x00007fff9223d000 	C:\Windows\System32\msvcp_win.dll
0x00007fff8a340000 - 0x00007fff8a359000 	C:\Users\khadija\.p2\pool\plugins\org.eclipse.justj.openjdk.hotspot.jre.full.win32.x86_64_17.0.4.v20221004-1257\jre\bin\VCRUNTIME140.dll
0x00007fff80430000 - 0x00007fff806ca000 	C:\Windows\WinSxS\amd64_microsoft.windows.common-controls_6595b64144ccf1df_6.0.19041.1110_none_60b5254171f9507e\COMCTL32.dll
0x00007fff938d0000 - 0x00007fff9396e000 	C:\Windows\System32\msvcrt.dll
0x00007fff92c80000 - 0x00007fff92cb2000 	C:\Windows\System32\IMM32.DLL
0x00007fff8bf20000 - 0x00007fff8bf2c000 	C:\Users\khadija\.p2\pool\plugins\org.eclipse.justj.openjdk.hotspot.jre.full.win32.x86_64_17.0.4.v20221004-1257\jre\bin\vcruntime140_1.dll
0x00007fff8a2a0000 - 0x00007fff8a331000 	C:\Users\khadija\.p2\pool\plugins\org.eclipse.justj.openjdk.hotspot.jre.full.win32.x86_64_17.0.4.v20221004-1257\jre\bin\msvcp140.dll
0x00007fff32d10000 - 0x00007fff33956000 	C:\Users\khadija\.p2\pool\plugins\org.eclipse.justj.openjdk.hotspot.jre.full.win32.x86_64_17.0.4.v20221004-1257\jre\bin\server\jvm.dll
0x00007fff92bd0000 - 0x00007fff92c7e000 	C:\Windows\System32\ADVAPI32.dll
0x00007fff92d20000 - 0x00007fff92dbc000 	C:\Windows\System32\sechost.dll
0x00007fff941b0000 - 0x00007fff942d5000 	C:\Windows\System32\RPCRT4.dll
0x00007fff93790000 - 0x00007fff93798000 	C:\Windows\System32\PSAPI.DLL
0x00007fff7b650000 - 0x00007fff7b659000 	C:\Windows\SYSTEM32\WSOCK32.dll
0x00007fff93670000 - 0x00007fff936db000 	C:\Windows\System32\WS2_32.dll
0x00007fff801e0000 - 0x00007fff80207000 	C:\Windows\SYSTEM32\WINMM.dll
0x00007fff82900000 - 0x00007fff8290a000 	C:\Windows\SYSTEM32\VERSION.dll
0x00007fff90370000 - 0x00007fff90382000 	C:\Windows\SYSTEM32\kernel.appcore.dll
0x00007fff8bf10000 - 0x00007fff8bf1a000 	C:\Users\khadija\.p2\pool\plugins\org.eclipse.justj.openjdk.hotspot.jre.full.win32.x86_64_17.0.4.v20221004-1257\jre\bin\jimage.dll
0x00007fff8f8d0000 - 0x00007fff8fab4000 	C:\Windows\SYSTEM32\DBGHELP.DLL
0x00007fff7f850000 - 0x00007fff7f885000 	C:\Windows\SYSTEM32\dbgcore.DLL
0x00007fff91d00000 - 0x00007fff91d82000 	C:\Windows\System32\bcryptPrimitives.dll
0x00007fff8a760000 - 0x00007fff8a785000 	C:\Users\khadija\.p2\pool\plugins\org.eclipse.justj.openjdk.hotspot.jre.full.win32.x86_64_17.0.4.v20221004-1257\jre\bin\java.dll

dbghelp: loaded successfully - version: 4.0.5 - missing functions: none
symbol engine: initialized successfully - sym options: 0x614 - pdb path: .;C:\Users\khadija\.p2\pool\plugins\org.eclipse.justj.openjdk.hotspot.jre.full.win32.x86_64_17.0.4.v20221004-1257\jre\bin;C:\Windows\SYSTEM32;C:\Windows\WinSxS\amd64_microsoft.windows.common-controls_6595b64144ccf1df_6.0.19041.1110_none_60b5254171f9507e;C:\Users\khadija\.p2\pool\plugins\org.eclipse.justj.openjdk.hotspot.jre.full.win32.x86_64_17.0.4.v20221004-1257\jre\bin\server

VM Arguments:
jvm_args: -Dfile.encoding=UTF-8 --module-path=C:\Users\khadija\eclipse-workspace\oopProject\bin -XX:+ShowCodeDetailsInExceptionMessages -Djdk.module.main=oopProject 
java_command: oopProject/oopProject.Main
java_class_path (initial): <not set>
Launcher Type: SUN_STANDARD

[Global flags]
     intx CICompilerCount                          = 3                                         {product} {ergonomic}
     uint ConcGCThreads                            = 1                                         {product} {ergonomic}
     uint G1ConcRefinementThreads                  = 4                                         {product} {ergonomic}
   size_t G1HeapRegionSize                         = 1048576                                   {product} {ergonomic}
    uintx GCDrainStackTargetSize                   = 64                                        {product} {ergonomic}
   size_t InitialHeapSize                          = 134217728                                 {product} {ergonomic}
   size_t MarkStackSize                            = 4194304                                   {product} {ergonomic}
   size_t MaxHeapSize                              = 2118123520                                {product} {ergonomic}
   size_t MinHeapDeltaBytes                        = 1048576                                   {product} {ergonomic}
   size_t MinHeapSize                              = 8388608                                   {product} {ergonomic}
    uintx NonNMethodCodeHeapSize                   = 5832780                                {pd product} {ergonomic}
    uintx NonProfiledCodeHeapSize                  = 122912730                              {pd product} {ergonomic}
    uintx ProfiledCodeHeapSize                     = 122912730                              {pd product} {ergonomic}
    uintx ReservedCodeCacheSize                    = 251658240                              {pd product} {ergonomic}
     bool SegmentedCodeCache                       = true                                      {product} {ergonomic}
     bool ShowCodeDetailsInExceptionMessages       = true                                   {manageable} {command line}
   size_t SoftMaxHeapSize                          = 2118123520                             {manageable} {ergonomic}
     bool UseCompressedClassPointers               = true                           {product lp64_product} {ergonomic}
     bool UseCompressedOops                        = true                           {product lp64_product} {ergonomic}
     bool UseG1GC                                  = true                                      {product} {ergonomic}
     bool UseLargePagesIndividualAllocation        = false                                  {pd product} {ergonomic}

Logging:
Log output configuration:
 #0: stdout all=warning uptime,level,tags
 #1: stderr all=off uptime,level,tags

Environment Variables:
JAVA_HOME=C:\Program Files\Java\jdk-17.0.5
PATH=C:/Users/khadija/.p2/pool/plugins/org.eclipse.justj.openjdk.hotspot.jre.full.win32.x86_64_17.0.4.v20221004-1257/jre/bin/server;C:/Users/khadija/.p2/pool/plugins/org.eclipse.justj.openjdk.hotspot.jre.full.win32.x86_64_17.0.4.v20221004-1257/jre/bin;C:\Program Files\Common Files\Oracle\Java\javapath;C:\Windows\system32;C:\Windows;C:\Windows\System32\Wbem;C:\Windows\System32\WindowsPowerShell\v1.0\;C:\Windows\System32\OpenSSH\;C:\Program Files\Git\cmd;C:\Program Files\Microsoft VS Code\bin;C:\Program Files\nodejs\;C:\Users\khadija\AppData\Local\Microsoft\WindowsApps;C:\src\flutter\bin;C:\Users\khadija\AppData\Local\GitHubDesktop\bin;C:\Program Files\Java\jdk-17.0.5\bin;C:\Users\khadija\AppData\Roaming\npm;C:\Windows\system32;
USERNAME=khadija
OS=Windows_NT
PROCESSOR_IDENTIFIER=Intel64 Family 6 Model 78 Stepping 3, GenuineIntel
TMP=C:\Users\khadija\AppData\Local\Temp
TEMP=C:\Users\khadija\AppData\Local\Temp



---------------  S Y S T E M  ---------------

OS:
 Windows 10 , 64 bit Build 19041 (10.0.19041.2364)
OS uptime: 0 days 6:00 hours

CPU: total 4 (initial active 4) (2 cores per cpu, 2 threads per core) family 6 model 78 stepping 3 microcode 0xcc, cx8, cmov, fxsr, ht, mmx, 3dnowpref, sse, sse2, sse3, ssse3, sse4.1, sse4.2, popcnt, lzcnt, tsc, tscinvbit, avx, avx2, aes, erms, clmul, bmi1, bmi2, rtm, adx, fma, vzeroupper, clflush, clflushopt

Memory: 4k page, system-wide physical 8076M (1030M free)
TotalPageFile size 26429M (AvailPageFile size 80M)
current process WorkingSet (physical memory assigned to process): 10M, peak: 10M
current process commit charge ("private bytes"): 51M, peak: 179M

vm_info: OpenJDK 64-Bit Server VM (17.0.4.1+1) for windows-amd64 JRE (17.0.4.1+1), built on Aug 17 2022 07:42:43 by "temurin" with MS VC++ 16.7 (VS2019)

END.
